<?xml version="1.0" encoding="UTF-8"?>
<testsuite name="com.gsitm.intern.repository.ItemRepositoryTest" tests="1" skipped="0" failures="0" errors="0" timestamp="2021-11-06T11:25:03" hostname="DESKTOP-OET01PG" time="0.356">
  <properties/>
  <testcase name="itemTest()" classname="com.gsitm.intern.repository.ItemRepositoryTest" time="0.356"/>
  <system-out><![CDATA[20:24:52.885 [Test worker] DEBUG org.springframework.test.context.BootstrapUtils - Instantiating CacheAwareContextLoaderDelegate from class [org.springframework.test.context.cache.DefaultCacheAwareContextLoaderDelegate]
20:24:52.906 [Test worker] DEBUG org.springframework.test.context.BootstrapUtils - Instantiating BootstrapContext using constructor [public org.springframework.test.context.support.DefaultBootstrapContext(java.lang.Class,org.springframework.test.context.CacheAwareContextLoaderDelegate)]
20:24:52.984 [Test worker] DEBUG org.springframework.test.context.BootstrapUtils - Instantiating TestContextBootstrapper for test class [com.gsitm.intern.repository.ItemRepositoryTest] from class [org.springframework.boot.test.context.SpringBootTestContextBootstrapper]
20:24:53.015 [Test worker] INFO org.springframework.boot.test.context.SpringBootTestContextBootstrapper - Neither @ContextConfiguration nor @ContextHierarchy found for test class [com.gsitm.intern.repository.ItemRepositoryTest], using SpringBootContextLoader
20:24:53.031 [Test worker] DEBUG org.springframework.test.context.support.AbstractContextLoader - Did not detect default resource location for test class [com.gsitm.intern.repository.ItemRepositoryTest]: class path resource [com/gsitm/intern/repository/ItemRepositoryTest-context.xml] does not exist
20:24:53.031 [Test worker] DEBUG org.springframework.test.context.support.AbstractContextLoader - Did not detect default resource location for test class [com.gsitm.intern.repository.ItemRepositoryTest]: class path resource [com/gsitm/intern/repository/ItemRepositoryTestContext.groovy] does not exist
20:24:53.031 [Test worker] INFO org.springframework.test.context.support.AbstractContextLoader - Could not detect default resource locations for test class [com.gsitm.intern.repository.ItemRepositoryTest]: no resource found for suffixes {-context.xml, Context.groovy}.
20:24:53.031 [Test worker] INFO org.springframework.test.context.support.AnnotationConfigContextLoaderUtils - Could not detect default configuration classes for test class [com.gsitm.intern.repository.ItemRepositoryTest]: ItemRepositoryTest does not declare any static, non-private, non-final, nested classes annotated with @Configuration.
20:24:53.109 [Test worker] DEBUG org.springframework.test.context.support.ActiveProfilesUtils - Could not find an 'annotation declaring class' for annotation type [org.springframework.test.context.ActiveProfiles] and class [com.gsitm.intern.repository.ItemRepositoryTest]
20:24:53.250 [Test worker] DEBUG org.springframework.context.annotation.ClassPathScanningCandidateComponentProvider - Identified candidate component class: file [C:\Users\bgb75\IdeaProjects\cluv\build\classes\java\main\com\gsitm\intern\InternApplication.class]
20:24:53.250 [Test worker] INFO org.springframework.boot.test.context.SpringBootTestContextBootstrapper - Found @SpringBootConfiguration com.gsitm.intern.InternApplication for test class com.gsitm.intern.repository.ItemRepositoryTest
20:24:53.459 [Test worker] DEBUG org.springframework.boot.test.context.SpringBootTestContextBootstrapper - @TestExecutionListeners is not present for class [com.gsitm.intern.repository.ItemRepositoryTest]: using defaults.
20:24:53.459 [Test worker] INFO org.springframework.boot.test.context.SpringBootTestContextBootstrapper - Loaded default TestExecutionListener class names from location [META-INF/spring.factories]: [org.springframework.boot.test.autoconfigure.restdocs.RestDocsTestExecutionListener, org.springframework.boot.test.autoconfigure.web.client.MockRestServiceServerResetTestExecutionListener, org.springframework.boot.test.autoconfigure.web.servlet.MockMvcPrintOnlyOnFailureTestExecutionListener, org.springframework.boot.test.autoconfigure.web.servlet.WebDriverTestExecutionListener, org.springframework.boot.test.autoconfigure.webservices.client.MockWebServiceServerTestExecutionListener, org.springframework.boot.test.mock.mockito.MockitoTestExecutionListener, org.springframework.boot.test.mock.mockito.ResetMocksTestExecutionListener, org.springframework.test.context.web.ServletTestExecutionListener, org.springframework.test.context.support.DirtiesContextBeforeModesTestExecutionListener, org.springframework.test.context.event.ApplicationEventsTestExecutionListener, org.springframework.test.context.support.DependencyInjectionTestExecutionListener, org.springframework.test.context.support.DirtiesContextTestExecutionListener, org.springframework.test.context.transaction.TransactionalTestExecutionListener, org.springframework.test.context.jdbc.SqlScriptsTestExecutionListener, org.springframework.test.context.event.EventPublishingTestExecutionListener]
20:24:53.490 [Test worker] INFO org.springframework.boot.test.context.SpringBootTestContextBootstrapper - Using TestExecutionListeners: [org.springframework.test.context.web.ServletTestExecutionListener@7692cd34, org.springframework.test.context.support.DirtiesContextBeforeModesTestExecutionListener@33aa93c, org.springframework.test.context.event.ApplicationEventsTestExecutionListener@32c0915e, org.springframework.boot.test.mock.mockito.MockitoTestExecutionListener@106faf11, org.springframework.boot.test.autoconfigure.SpringBootDependencyInjectionTestExecutionListener@70f43b45, org.springframework.test.context.support.DirtiesContextTestExecutionListener@26d10f2e, org.springframework.test.context.transaction.TransactionalTestExecutionListener@10ad20cb, org.springframework.test.context.jdbc.SqlScriptsTestExecutionListener@7dd712e8, org.springframework.test.context.event.EventPublishingTestExecutionListener@2c282004, org.springframework.boot.test.autoconfigure.restdocs.RestDocsTestExecutionListener@22ee2d0, org.springframework.boot.test.autoconfigure.web.client.MockRestServiceServerResetTestExecutionListener@7bfc3126, org.springframework.boot.test.autoconfigure.web.servlet.MockMvcPrintOnlyOnFailureTestExecutionListener@3e792ce3, org.springframework.boot.test.autoconfigure.web.servlet.WebDriverTestExecutionListener@53bc1328, org.springframework.boot.test.autoconfigure.webservices.client.MockWebServiceServerTestExecutionListener@26f143ed, org.springframework.boot.test.mock.mockito.ResetMocksTestExecutionListener@3c1e3314]
20:24:53.505 [Test worker] DEBUG org.springframework.test.context.support.AbstractDirtiesContextTestExecutionListener - Before test class: context [DefaultTestContext@f325091 testClass = ItemRepositoryTest, testInstance = [null], testMethod = [null], testException = [null], mergedContextConfiguration = [WebMergedContextConfiguration@437e951d testClass = ItemRepositoryTest, locations = '{}', classes = '{class com.gsitm.intern.InternApplication}', contextInitializerClasses = '[]', activeProfiles = '{}', propertySourceLocations = '{}', propertySourceProperties = '{spring.config.location=classpath:application-test.yml, org.springframework.boot.test.context.SpringBootTestContextBootstrapper=true}', contextCustomizers = set[org.springframework.boot.test.autoconfigure.actuate.metrics.MetricsExportContextCustomizerFactory$DisableMetricExportContextCustomizer@531c311e, org.springframework.boot.test.autoconfigure.properties.PropertyMappingContextCustomizer@0, org.springframework.boot.test.autoconfigure.web.servlet.WebDriverContextCustomizerFactory$Customizer@5b43fbf6, org.springframework.boot.test.context.filter.ExcludeFilterContextCustomizer@a4b2d8f, org.springframework.boot.test.json.DuplicateJsonObjectContextCustomizerFactory$DuplicateJsonObjectContextCustomizer@f73dcd6, org.springframework.boot.test.mock.mockito.MockitoContextCustomizer@0, org.springframework.boot.test.web.client.TestRestTemplateContextCustomizer@749c877b, org.springframework.boot.test.context.SpringBootTestArgs@1, org.springframework.boot.test.context.SpringBootTestWebEnvironment@77659b30], resourceBasePath = 'src/main/webapp', contextLoader = 'org.springframework.boot.test.context.SpringBootContextLoader', parent = [null]], attributes = map['org.springframework.test.context.web.ServletTestExecutionListener.activateListener' -> true]], class annotated with @DirtiesContext [false] with mode [null].
20:24:53.568 [Test worker] DEBUG org.springframework.test.context.support.TestPropertySourceUtils - Adding inlined properties to environment: {spring.jmx.enabled=false, spring.config.location=classpath:application-test.yml, org.springframework.boot.test.context.SpringBootTestContextBootstrapper=true}

  .   ____          _            __ _ _
 /\\ / ___'_ __ _ _(_)_ __  __ _ \ \ \ \
( ( )\___ | '_ | '_| | '_ \/ _` | \ \ \ \
 \\/  ___)| |_)| | | | | || (_| |  ) ) ) )
  '  |____| .__|_| |_|_| |_\__, | / / / /
 =========|_|==============|___/=/_/_/_/
 :: Spring Boot ::                (v2.5.5)

2021-11-06 20:24:54.249  INFO 1032 --- [    Test worker] c.g.i.repository.ItemRepositoryTest      : Starting ItemRepositoryTest using Java 11.0.2 on DESKTOP-OET01PG with PID 1032 (started by bgb75 in C:\Users\bgb75\IdeaProjects\cluv)
2021-11-06 20:24:54.264  INFO 1032 --- [    Test worker] c.g.i.repository.ItemRepositoryTest      : No active profile set, falling back to default profiles: default
2021-11-06 20:24:55.776  INFO 1032 --- [    Test worker] .s.d.r.c.RepositoryConfigurationDelegate : Bootstrapping Spring Data JPA repositories in DEFAULT mode.
2021-11-06 20:24:55.948  INFO 1032 --- [    Test worker] .s.d.r.c.RepositoryConfigurationDelegate : Finished Spring Data repository scanning in 150 ms. Found 2 JPA repository interfaces.
2021-11-06 20:24:56.847  INFO 1032 --- [    Test worker] com.zaxxer.hikari.HikariDataSource       : HikariPool-1 - Starting...
2021-11-06 20:24:57.266  INFO 1032 --- [    Test worker] com.zaxxer.hikari.HikariDataSource       : HikariPool-1 - Start completed.
2021-11-06 20:24:57.666  INFO 1032 --- [    Test worker] o.hibernate.jpa.internal.util.LogHelper  : HHH000204: Processing PersistenceUnitInfo [name: default]
2021-11-06 20:24:57.806  INFO 1032 --- [    Test worker] org.hibernate.Version                    : HHH000412: Hibernate ORM core version 5.4.32.Final
2021-11-06 20:24:58.156  INFO 1032 --- [    Test worker] o.hibernate.annotations.common.Version   : HCANN000001: Hibernate Commons Annotations {5.1.2.Final}
2021-11-06 20:24:58.484  INFO 1032 --- [    Test worker] org.hibernate.dialect.Dialect            : HHH000400: Using dialect: org.hibernate.dialect.H2Dialect
2021-11-06 20:24:59.173  WARN 1032 --- [    Test worker] org.hibernate.mapping.RootClass          : HHH000038: Composite-id class does not override equals(): com.gsitm.intern.entity.Item2
2021-11-06 20:24:59.173  WARN 1032 --- [    Test worker] org.hibernate.mapping.RootClass          : HHH000039: Composite-id class does not override hashCode(): com.gsitm.intern.entity.Item2
2021-11-06 20:24:59.925  INFO 1032 --- [    Test worker] o.h.e.t.j.p.i.JtaPlatformInitiator       : HHH000490: Using JtaPlatform implementation: [org.hibernate.engine.transaction.jta.platform.internal.NoJtaPlatform]
2021-11-06 20:24:59.956  INFO 1032 --- [    Test worker] j.LocalContainerEntityManagerFactoryBean : Initialized JPA EntityManagerFactory for persistence unit 'default'
2021-11-06 20:25:01.851  WARN 1032 --- [    Test worker] JpaBaseConfiguration$JpaWebConfiguration : spring.jpa.open-in-view is enabled by default. Therefore, database queries may be performed during view rendering. Explicitly configure spring.jpa.open-in-view to disable this warning
2021-11-06 20:25:03.733  INFO 1032 --- [    Test worker] c.g.i.repository.ItemRepositoryTest      : Started ItemRepositoryTest in 10.159 seconds (JVM running for 12.827)
[]
]]></system-out>
  <system-err><![CDATA[]]></system-err>
</testsuite>
